<?xml version="1.0" encoding="UTF-8"?>
<testng-results ignored="0" total="1" passed="1" failed="0" skipped="0">
  <reporter-output>
  </reporter-output>
  <suite started-at="2024-03-06T10:54:20 IST" name="Default suite" finished-at="2024-03-06T10:54:26 IST" duration-ms="6622">
    <groups>
    </groups>
    <test started-at="2024-03-06T10:54:20 IST" name="Default test" finished-at="2024-03-06T10:54:26 IST" duration-ms="6622">
      <class name="testpkg.Fbcreatepagetest">
        <test-method is-config="true" signature="setup()[pri:0, instance:testpkg.Fbcreatepagetest@5e600dd5]" started-at="2024-03-06T10:54:20 IST" name="setup" finished-at="2024-03-06T10:54:22 IST" duration-ms="2192" status="PASS">
          <reporter-output>
          </reporter-output>
        </test-method> <!-- setup -->
        <test-method signature="test()[pri:0, instance:testpkg.Fbcreatepagetest@5e600dd5]" started-at="2024-03-06T10:54:22 IST" name="test" finished-at="2024-03-06T10:54:26 IST" duration-ms="4380" status="PASS">
          <reporter-output>
          </reporter-output>
        </test-method> <!-- test -->
      </class> <!-- testpkg.Fbcreatepagetest -->
    </test> <!-- Default test -->
  </suite> <!-- Default suite -->
</testng-results>
